2020-06-03 18:22:07,887 DEBUG    root            Metrics collector initialized...
2020-06-03 18:22:07,897 DEBUG    root            Loaded Command Group: [u'gcloud', u'components']
2020-06-03 18:22:07,926 DEBUG    root            Loaded Command Group: [u'gcloud', u'components', u'list']
2020-06-03 18:22:07,929 DEBUG    root            Running [gcloud.components.list] with arguments: [--quiet: "True"]
2020-06-03 18:22:08,531 INFO     ___FILE_ONLY___ 
Your current Cloud SDK version is: 295.0.0

2020-06-03 18:22:08,531 INFO     ___FILE_ONLY___ The latest available version is: 295.0.0

2020-06-03 18:22:08,531 INFO     ___FILE_ONLY___ 

2020-06-03 18:22:08,533 INFO     root            Display format: "table[box,title="Components"](state.name:label=Status,name:label=Name,id:label=ID,size.size(zero="",min=1048576):label=Size:align=right)"
2020-06-03 18:22:08,541 INFO     ___FILE_ONLY___ ┌────────────────────────────────────────────────────────────────────────────────────────────────────────────┐
2020-06-03 18:22:08,541 INFO     ___FILE_ONLY___ 

2020-06-03 18:22:08,541 INFO     ___FILE_ONLY___ │                                                 Components                                                 │
2020-06-03 18:22:08,541 INFO     ___FILE_ONLY___ 

2020-06-03 18:22:08,542 INFO     ___FILE_ONLY___ ├───────────────┬──────────────────────────────────────────────────────┬──────────────────────────┬──────────┤
2020-06-03 18:22:08,542 INFO     ___FILE_ONLY___ 

2020-06-03 18:22:08,542 INFO     ___FILE_ONLY___ │     Status    │                         Name                         │            ID            │   Size   │
2020-06-03 18:22:08,542 INFO     ___FILE_ONLY___ 

2020-06-03 18:22:08,542 INFO     ___FILE_ONLY___ ├───────────────┼──────────────────────────────────────────────────────┼──────────────────────────┼──────────┤
2020-06-03 18:22:08,542 INFO     ___FILE_ONLY___ 

2020-06-03 18:22:08,542 INFO     ___FILE_ONLY___ │ 
2020-06-03 18:22:08,542 INFO     ___FILE_ONLY___ Not Installed
2020-06-03 18:22:08,543 INFO     ___FILE_ONLY___  
2020-06-03 18:22:08,543 INFO     ___FILE_ONLY___ │ 
2020-06-03 18:22:08,543 INFO     ___FILE_ONLY___ App Engine Go Extensions                            
2020-06-03 18:22:08,543 INFO     ___FILE_ONLY___  
2020-06-03 18:22:08,543 INFO     ___FILE_ONLY___ │ 
2020-06-03 18:22:08,543 INFO     ___FILE_ONLY___ app-engine-go           
2020-06-03 18:22:08,543 INFO     ___FILE_ONLY___  
2020-06-03 18:22:08,543 INFO     ___FILE_ONLY___ │ 
2020-06-03 18:22:08,543 INFO     ___FILE_ONLY___  4.8 MiB
2020-06-03 18:22:08,543 INFO     ___FILE_ONLY___  
2020-06-03 18:22:08,543 INFO     ___FILE_ONLY___ │
2020-06-03 18:22:08,544 INFO     ___FILE_ONLY___ 

2020-06-03 18:22:08,544 INFO     ___FILE_ONLY___ │ 
2020-06-03 18:22:08,544 INFO     ___FILE_ONLY___ Not Installed
2020-06-03 18:22:08,544 INFO     ___FILE_ONLY___  
2020-06-03 18:22:08,544 INFO     ___FILE_ONLY___ │ 
2020-06-03 18:22:08,544 INFO     ___FILE_ONLY___ Appctl                                              
2020-06-03 18:22:08,544 INFO     ___FILE_ONLY___  
2020-06-03 18:22:08,544 INFO     ___FILE_ONLY___ │ 
2020-06-03 18:22:08,544 INFO     ___FILE_ONLY___ appctl                  
2020-06-03 18:22:08,544 INFO     ___FILE_ONLY___  
2020-06-03 18:22:08,544 INFO     ___FILE_ONLY___ │ 
2020-06-03 18:22:08,545 INFO     ___FILE_ONLY___ 18.5 MiB
2020-06-03 18:22:08,545 INFO     ___FILE_ONLY___  
2020-06-03 18:22:08,545 INFO     ___FILE_ONLY___ │
2020-06-03 18:22:08,545 INFO     ___FILE_ONLY___ 

2020-06-03 18:22:08,545 INFO     ___FILE_ONLY___ │ 
2020-06-03 18:22:08,545 INFO     ___FILE_ONLY___ Not Installed
2020-06-03 18:22:08,545 INFO     ___FILE_ONLY___  
2020-06-03 18:22:08,545 INFO     ___FILE_ONLY___ │ 
2020-06-03 18:22:08,545 INFO     ___FILE_ONLY___ Cloud Bigtable Command Line Tool                    
2020-06-03 18:22:08,545 INFO     ___FILE_ONLY___  
2020-06-03 18:22:08,546 INFO     ___FILE_ONLY___ │ 
2020-06-03 18:22:08,546 INFO     ___FILE_ONLY___ cbt                     
2020-06-03 18:22:08,546 INFO     ___FILE_ONLY___  
2020-06-03 18:22:08,546 INFO     ___FILE_ONLY___ │ 
2020-06-03 18:22:08,546 INFO     ___FILE_ONLY___  7.6 MiB
2020-06-03 18:22:08,546 INFO     ___FILE_ONLY___  
2020-06-03 18:22:08,546 INFO     ___FILE_ONLY___ │
2020-06-03 18:22:08,546 INFO     ___FILE_ONLY___ 

2020-06-03 18:22:08,546 INFO     ___FILE_ONLY___ │ 
2020-06-03 18:22:08,546 INFO     ___FILE_ONLY___ Not Installed
2020-06-03 18:22:08,547 INFO     ___FILE_ONLY___  
2020-06-03 18:22:08,547 INFO     ___FILE_ONLY___ │ 
2020-06-03 18:22:08,547 INFO     ___FILE_ONLY___ Cloud Bigtable Emulator                             
2020-06-03 18:22:08,547 INFO     ___FILE_ONLY___  
2020-06-03 18:22:08,547 INFO     ___FILE_ONLY___ │ 
2020-06-03 18:22:08,547 INFO     ___FILE_ONLY___ bigtable                
2020-06-03 18:22:08,547 INFO     ___FILE_ONLY___  
2020-06-03 18:22:08,547 INFO     ___FILE_ONLY___ │ 
2020-06-03 18:22:08,547 INFO     ___FILE_ONLY___  6.6 MiB
2020-06-03 18:22:08,547 INFO     ___FILE_ONLY___  
2020-06-03 18:22:08,548 INFO     ___FILE_ONLY___ │
2020-06-03 18:22:08,548 INFO     ___FILE_ONLY___ 

2020-06-03 18:22:08,548 INFO     ___FILE_ONLY___ │ 
2020-06-03 18:22:08,548 INFO     ___FILE_ONLY___ Not Installed
2020-06-03 18:22:08,548 INFO     ___FILE_ONLY___  
2020-06-03 18:22:08,548 INFO     ___FILE_ONLY___ │ 
2020-06-03 18:22:08,548 INFO     ___FILE_ONLY___ Cloud Datalab Command Line Tool                     
2020-06-03 18:22:08,548 INFO     ___FILE_ONLY___  
2020-06-03 18:22:08,548 INFO     ___FILE_ONLY___ │ 
2020-06-03 18:22:08,549 INFO     ___FILE_ONLY___ datalab                 
2020-06-03 18:22:08,549 INFO     ___FILE_ONLY___  
2020-06-03 18:22:08,549 INFO     ___FILE_ONLY___ │ 
2020-06-03 18:22:08,549 INFO     ___FILE_ONLY___  < 1 MiB
2020-06-03 18:22:08,549 INFO     ___FILE_ONLY___  
2020-06-03 18:22:08,549 INFO     ___FILE_ONLY___ │
2020-06-03 18:22:08,549 INFO     ___FILE_ONLY___ 

2020-06-03 18:22:08,549 INFO     ___FILE_ONLY___ │ 
2020-06-03 18:22:08,550 INFO     ___FILE_ONLY___ Not Installed
2020-06-03 18:22:08,550 INFO     ___FILE_ONLY___  
2020-06-03 18:22:08,550 INFO     ___FILE_ONLY___ │ 
2020-06-03 18:22:08,550 INFO     ___FILE_ONLY___ Cloud Datastore Emulator                            
2020-06-03 18:22:08,550 INFO     ___FILE_ONLY___  
2020-06-03 18:22:08,550 INFO     ___FILE_ONLY___ │ 
2020-06-03 18:22:08,550 INFO     ___FILE_ONLY___ cloud-datastore-emulator
2020-06-03 18:22:08,550 INFO     ___FILE_ONLY___  
2020-06-03 18:22:08,551 INFO     ___FILE_ONLY___ │ 
2020-06-03 18:22:08,551 INFO     ___FILE_ONLY___ 18.4 MiB
2020-06-03 18:22:08,551 INFO     ___FILE_ONLY___  
2020-06-03 18:22:08,551 INFO     ___FILE_ONLY___ │
2020-06-03 18:22:08,551 INFO     ___FILE_ONLY___ 

2020-06-03 18:22:08,551 INFO     ___FILE_ONLY___ │ 
2020-06-03 18:22:08,551 INFO     ___FILE_ONLY___ Not Installed
2020-06-03 18:22:08,552 INFO     ___FILE_ONLY___  
2020-06-03 18:22:08,552 INFO     ___FILE_ONLY___ │ 
2020-06-03 18:22:08,552 INFO     ___FILE_ONLY___ Cloud Firestore Emulator                            
2020-06-03 18:22:08,552 INFO     ___FILE_ONLY___  
2020-06-03 18:22:08,552 INFO     ___FILE_ONLY___ │ 
2020-06-03 18:22:08,552 INFO     ___FILE_ONLY___ cloud-firestore-emulator
2020-06-03 18:22:08,552 INFO     ___FILE_ONLY___  
2020-06-03 18:22:08,552 INFO     ___FILE_ONLY___ │ 
2020-06-03 18:22:08,552 INFO     ___FILE_ONLY___ 40.4 MiB
2020-06-03 18:22:08,552 INFO     ___FILE_ONLY___  
2020-06-03 18:22:08,553 INFO     ___FILE_ONLY___ │
2020-06-03 18:22:08,553 INFO     ___FILE_ONLY___ 

2020-06-03 18:22:08,553 INFO     ___FILE_ONLY___ │ 
2020-06-03 18:22:08,553 INFO     ___FILE_ONLY___ Not Installed
2020-06-03 18:22:08,553 INFO     ___FILE_ONLY___  
2020-06-03 18:22:08,553 INFO     ___FILE_ONLY___ │ 
2020-06-03 18:22:08,554 INFO     ___FILE_ONLY___ Cloud Pub/Sub Emulator                              
2020-06-03 18:22:08,554 INFO     ___FILE_ONLY___  
2020-06-03 18:22:08,554 INFO     ___FILE_ONLY___ │ 
2020-06-03 18:22:08,554 INFO     ___FILE_ONLY___ pubsub-emulator         
2020-06-03 18:22:08,554 INFO     ___FILE_ONLY___  
2020-06-03 18:22:08,554 INFO     ___FILE_ONLY___ │ 
2020-06-03 18:22:08,554 INFO     ___FILE_ONLY___ 34.9 MiB
2020-06-03 18:22:08,554 INFO     ___FILE_ONLY___  
2020-06-03 18:22:08,554 INFO     ___FILE_ONLY___ │
2020-06-03 18:22:08,554 INFO     ___FILE_ONLY___ 

2020-06-03 18:22:08,555 INFO     ___FILE_ONLY___ │ 
2020-06-03 18:22:08,555 INFO     ___FILE_ONLY___ Not Installed
2020-06-03 18:22:08,555 INFO     ___FILE_ONLY___  
2020-06-03 18:22:08,555 INFO     ___FILE_ONLY___ │ 
2020-06-03 18:22:08,555 INFO     ___FILE_ONLY___ Cloud SQL Proxy                                     
2020-06-03 18:22:08,555 INFO     ___FILE_ONLY___  
2020-06-03 18:22:08,555 INFO     ___FILE_ONLY___ │ 
2020-06-03 18:22:08,555 INFO     ___FILE_ONLY___ cloud_sql_proxy         
2020-06-03 18:22:08,555 INFO     ___FILE_ONLY___  
2020-06-03 18:22:08,555 INFO     ___FILE_ONLY___ │ 
2020-06-03 18:22:08,556 INFO     ___FILE_ONLY___  3.7 MiB
2020-06-03 18:22:08,556 INFO     ___FILE_ONLY___  
2020-06-03 18:22:08,556 INFO     ___FILE_ONLY___ │
2020-06-03 18:22:08,556 INFO     ___FILE_ONLY___ 

2020-06-03 18:22:08,556 INFO     ___FILE_ONLY___ │ 
2020-06-03 18:22:08,556 INFO     ___FILE_ONLY___ Not Installed
2020-06-03 18:22:08,556 INFO     ___FILE_ONLY___  
2020-06-03 18:22:08,556 INFO     ___FILE_ONLY___ │ 
2020-06-03 18:22:08,556 INFO     ___FILE_ONLY___ Emulator Reverse Proxy                              
2020-06-03 18:22:08,556 INFO     ___FILE_ONLY___  
2020-06-03 18:22:08,557 INFO     ___FILE_ONLY___ │ 
2020-06-03 18:22:08,557 INFO     ___FILE_ONLY___ emulator-reverse-proxy  
2020-06-03 18:22:08,557 INFO     ___FILE_ONLY___  
2020-06-03 18:22:08,557 INFO     ___FILE_ONLY___ │ 
2020-06-03 18:22:08,557 INFO     ___FILE_ONLY___ 14.5 MiB
2020-06-03 18:22:08,557 INFO     ___FILE_ONLY___  
2020-06-03 18:22:08,557 INFO     ___FILE_ONLY___ │
2020-06-03 18:22:08,557 INFO     ___FILE_ONLY___ 

2020-06-03 18:22:08,557 INFO     ___FILE_ONLY___ │ 
2020-06-03 18:22:08,557 INFO     ___FILE_ONLY___ Not Installed
2020-06-03 18:22:08,558 INFO     ___FILE_ONLY___  
2020-06-03 18:22:08,558 INFO     ___FILE_ONLY___ │ 
2020-06-03 18:22:08,558 INFO     ___FILE_ONLY___ Google Cloud Build Local Builder                    
2020-06-03 18:22:08,558 INFO     ___FILE_ONLY___  
2020-06-03 18:22:08,558 INFO     ___FILE_ONLY___ │ 
2020-06-03 18:22:08,558 INFO     ___FILE_ONLY___ cloud-build-local       
2020-06-03 18:22:08,559 INFO     ___FILE_ONLY___  
2020-06-03 18:22:08,559 INFO     ___FILE_ONLY___ │ 
2020-06-03 18:22:08,559 INFO     ___FILE_ONLY___  5.9 MiB
2020-06-03 18:22:08,559 INFO     ___FILE_ONLY___  
2020-06-03 18:22:08,559 INFO     ___FILE_ONLY___ │
2020-06-03 18:22:08,560 INFO     ___FILE_ONLY___ 

2020-06-03 18:22:08,560 INFO     ___FILE_ONLY___ │ 
2020-06-03 18:22:08,560 INFO     ___FILE_ONLY___ Not Installed
2020-06-03 18:22:08,560 INFO     ___FILE_ONLY___  
2020-06-03 18:22:08,560 INFO     ___FILE_ONLY___ │ 
2020-06-03 18:22:08,561 INFO     ___FILE_ONLY___ Google Container Registry's Docker credential helper
2020-06-03 18:22:08,561 INFO     ___FILE_ONLY___  
2020-06-03 18:22:08,561 INFO     ___FILE_ONLY___ │ 
2020-06-03 18:22:08,561 INFO     ___FILE_ONLY___ docker-credential-gcr   
2020-06-03 18:22:08,561 INFO     ___FILE_ONLY___  
2020-06-03 18:22:08,561 INFO     ___FILE_ONLY___ │ 
2020-06-03 18:22:08,561 INFO     ___FILE_ONLY___  1.8 MiB
2020-06-03 18:22:08,561 INFO     ___FILE_ONLY___  
2020-06-03 18:22:08,561 INFO     ___FILE_ONLY___ │
2020-06-03 18:22:08,561 INFO     ___FILE_ONLY___ 

2020-06-03 18:22:08,562 INFO     ___FILE_ONLY___ │ 
2020-06-03 18:22:08,562 INFO     ___FILE_ONLY___ Not Installed
2020-06-03 18:22:08,562 INFO     ___FILE_ONLY___  
2020-06-03 18:22:08,562 INFO     ___FILE_ONLY___ │ 
2020-06-03 18:22:08,563 INFO     ___FILE_ONLY___ Kind                                                
2020-06-03 18:22:08,563 INFO     ___FILE_ONLY___  
2020-06-03 18:22:08,563 INFO     ___FILE_ONLY___ │ 
2020-06-03 18:22:08,563 INFO     ___FILE_ONLY___ kind                    
2020-06-03 18:22:08,563 INFO     ___FILE_ONLY___  
2020-06-03 18:22:08,563 INFO     ___FILE_ONLY___ │ 
2020-06-03 18:22:08,563 INFO     ___FILE_ONLY___  4.4 MiB
2020-06-03 18:22:08,564 INFO     ___FILE_ONLY___  
2020-06-03 18:22:08,564 INFO     ___FILE_ONLY___ │
2020-06-03 18:22:08,564 INFO     ___FILE_ONLY___ 

2020-06-03 18:22:08,564 INFO     ___FILE_ONLY___ │ 
2020-06-03 18:22:08,564 INFO     ___FILE_ONLY___ Not Installed
2020-06-03 18:22:08,564 INFO     ___FILE_ONLY___  
2020-06-03 18:22:08,565 INFO     ___FILE_ONLY___ │ 
2020-06-03 18:22:08,565 INFO     ___FILE_ONLY___ Minikube                                            
2020-06-03 18:22:08,565 INFO     ___FILE_ONLY___  
2020-06-03 18:22:08,565 INFO     ___FILE_ONLY___ │ 
2020-06-03 18:22:08,565 INFO     ___FILE_ONLY___ minikube                
2020-06-03 18:22:08,565 INFO     ___FILE_ONLY___  
2020-06-03 18:22:08,566 INFO     ___FILE_ONLY___ │ 
2020-06-03 18:22:08,566 INFO     ___FILE_ONLY___ 22.3 MiB
2020-06-03 18:22:08,566 INFO     ___FILE_ONLY___  
2020-06-03 18:22:08,566 INFO     ___FILE_ONLY___ │
2020-06-03 18:22:08,566 INFO     ___FILE_ONLY___ 

2020-06-03 18:22:08,566 INFO     ___FILE_ONLY___ │ 
2020-06-03 18:22:08,566 INFO     ___FILE_ONLY___ Not Installed
2020-06-03 18:22:08,566 INFO     ___FILE_ONLY___  
2020-06-03 18:22:08,566 INFO     ___FILE_ONLY___ │ 
2020-06-03 18:22:08,566 INFO     ___FILE_ONLY___ Skaffold                                            
2020-06-03 18:22:08,567 INFO     ___FILE_ONLY___  
2020-06-03 18:22:08,567 INFO     ___FILE_ONLY___ │ 
2020-06-03 18:22:08,567 INFO     ___FILE_ONLY___ skaffold                
2020-06-03 18:22:08,567 INFO     ___FILE_ONLY___  
2020-06-03 18:22:08,567 INFO     ___FILE_ONLY___ │ 
2020-06-03 18:22:08,567 INFO     ___FILE_ONLY___ 12.6 MiB
2020-06-03 18:22:08,567 INFO     ___FILE_ONLY___  
2020-06-03 18:22:08,567 INFO     ___FILE_ONLY___ │
2020-06-03 18:22:08,567 INFO     ___FILE_ONLY___ 

2020-06-03 18:22:08,567 INFO     ___FILE_ONLY___ │ 
2020-06-03 18:22:08,567 INFO     ___FILE_ONLY___ Not Installed
2020-06-03 18:22:08,568 INFO     ___FILE_ONLY___  
2020-06-03 18:22:08,568 INFO     ___FILE_ONLY___ │ 
2020-06-03 18:22:08,568 INFO     ___FILE_ONLY___ anthos-auth                                         
2020-06-03 18:22:08,568 INFO     ___FILE_ONLY___  
2020-06-03 18:22:08,568 INFO     ___FILE_ONLY___ │ 
2020-06-03 18:22:08,568 INFO     ___FILE_ONLY___ anthos-auth             
2020-06-03 18:22:08,568 INFO     ___FILE_ONLY___  
2020-06-03 18:22:08,568 INFO     ___FILE_ONLY___ │ 
2020-06-03 18:22:08,569 INFO     ___FILE_ONLY___ 15.9 MiB
2020-06-03 18:22:08,569 INFO     ___FILE_ONLY___  
2020-06-03 18:22:08,569 INFO     ___FILE_ONLY___ │
2020-06-03 18:22:08,569 INFO     ___FILE_ONLY___ 

2020-06-03 18:22:08,569 INFO     ___FILE_ONLY___ │ 
2020-06-03 18:22:08,569 INFO     ___FILE_ONLY___ Not Installed
2020-06-03 18:22:08,569 INFO     ___FILE_ONLY___  
2020-06-03 18:22:08,569 INFO     ___FILE_ONLY___ │ 
2020-06-03 18:22:08,570 INFO     ___FILE_ONLY___ gcloud Alpha Commands                               
2020-06-03 18:22:08,570 INFO     ___FILE_ONLY___  
2020-06-03 18:22:08,570 INFO     ___FILE_ONLY___ │ 
2020-06-03 18:22:08,570 INFO     ___FILE_ONLY___ alpha                   
2020-06-03 18:22:08,570 INFO     ___FILE_ONLY___  
2020-06-03 18:22:08,570 INFO     ___FILE_ONLY___ │ 
2020-06-03 18:22:08,570 INFO     ___FILE_ONLY___  < 1 MiB
2020-06-03 18:22:08,570 INFO     ___FILE_ONLY___  
2020-06-03 18:22:08,570 INFO     ___FILE_ONLY___ │
2020-06-03 18:22:08,570 INFO     ___FILE_ONLY___ 

2020-06-03 18:22:08,571 INFO     ___FILE_ONLY___ │ 
2020-06-03 18:22:08,571 INFO     ___FILE_ONLY___ Not Installed
2020-06-03 18:22:08,571 INFO     ___FILE_ONLY___  
2020-06-03 18:22:08,571 INFO     ___FILE_ONLY___ │ 
2020-06-03 18:22:08,571 INFO     ___FILE_ONLY___ gcloud Beta Commands                                
2020-06-03 18:22:08,571 INFO     ___FILE_ONLY___  
2020-06-03 18:22:08,571 INFO     ___FILE_ONLY___ │ 
2020-06-03 18:22:08,572 INFO     ___FILE_ONLY___ beta                    
2020-06-03 18:22:08,572 INFO     ___FILE_ONLY___  
2020-06-03 18:22:08,572 INFO     ___FILE_ONLY___ │ 
2020-06-03 18:22:08,572 INFO     ___FILE_ONLY___  < 1 MiB
2020-06-03 18:22:08,572 INFO     ___FILE_ONLY___  
2020-06-03 18:22:08,572 INFO     ___FILE_ONLY___ │
2020-06-03 18:22:08,572 INFO     ___FILE_ONLY___ 

2020-06-03 18:22:08,573 INFO     ___FILE_ONLY___ │ 
2020-06-03 18:22:08,573 INFO     ___FILE_ONLY___ Not Installed
2020-06-03 18:22:08,573 INFO     ___FILE_ONLY___  
2020-06-03 18:22:08,574 INFO     ___FILE_ONLY___ │ 
2020-06-03 18:22:08,574 INFO     ___FILE_ONLY___ gcloud app Java Extensions                          
2020-06-03 18:22:08,574 INFO     ___FILE_ONLY___  
2020-06-03 18:22:08,574 INFO     ___FILE_ONLY___ │ 
2020-06-03 18:22:08,575 INFO     ___FILE_ONLY___ app-engine-java         
2020-06-03 18:22:08,575 INFO     ___FILE_ONLY___  
2020-06-03 18:22:08,575 INFO     ___FILE_ONLY___ │ 
2020-06-03 18:22:08,575 INFO     ___FILE_ONLY___ 62.4 MiB
2020-06-03 18:22:08,575 INFO     ___FILE_ONLY___  
2020-06-03 18:22:08,575 INFO     ___FILE_ONLY___ │
2020-06-03 18:22:08,575 INFO     ___FILE_ONLY___ 

2020-06-03 18:22:08,575 INFO     ___FILE_ONLY___ │ 
2020-06-03 18:22:08,575 INFO     ___FILE_ONLY___ Not Installed
2020-06-03 18:22:08,576 INFO     ___FILE_ONLY___  
2020-06-03 18:22:08,576 INFO     ___FILE_ONLY___ │ 
2020-06-03 18:22:08,576 INFO     ___FILE_ONLY___ gcloud app PHP Extensions                           
2020-06-03 18:22:08,576 INFO     ___FILE_ONLY___  
2020-06-03 18:22:08,576 INFO     ___FILE_ONLY___ │ 
2020-06-03 18:22:08,576 INFO     ___FILE_ONLY___ app-engine-php          
2020-06-03 18:22:08,576 INFO     ___FILE_ONLY___  
2020-06-03 18:22:08,576 INFO     ___FILE_ONLY___ │ 
2020-06-03 18:22:08,576 INFO     ___FILE_ONLY___ 21.9 MiB
2020-06-03 18:22:08,576 INFO     ___FILE_ONLY___  
2020-06-03 18:22:08,577 INFO     ___FILE_ONLY___ │
2020-06-03 18:22:08,577 INFO     ___FILE_ONLY___ 

2020-06-03 18:22:08,577 INFO     ___FILE_ONLY___ │ 
2020-06-03 18:22:08,577 INFO     ___FILE_ONLY___ Not Installed
2020-06-03 18:22:08,577 INFO     ___FILE_ONLY___  
2020-06-03 18:22:08,577 INFO     ___FILE_ONLY___ │ 
2020-06-03 18:22:08,577 INFO     ___FILE_ONLY___ gcloud app Python Extensions                        
2020-06-03 18:22:08,577 INFO     ___FILE_ONLY___  
2020-06-03 18:22:08,578 INFO     ___FILE_ONLY___ │ 
2020-06-03 18:22:08,578 INFO     ___FILE_ONLY___ app-engine-python       
2020-06-03 18:22:08,578 INFO     ___FILE_ONLY___  
2020-06-03 18:22:08,578 INFO     ___FILE_ONLY___ │ 
2020-06-03 18:22:08,578 INFO     ___FILE_ONLY___  6.1 MiB
2020-06-03 18:22:08,579 INFO     ___FILE_ONLY___  
2020-06-03 18:22:08,579 INFO     ___FILE_ONLY___ │
2020-06-03 18:22:08,579 INFO     ___FILE_ONLY___ 

2020-06-03 18:22:08,579 INFO     ___FILE_ONLY___ │ 
2020-06-03 18:22:08,579 INFO     ___FILE_ONLY___ Not Installed
2020-06-03 18:22:08,579 INFO     ___FILE_ONLY___  
2020-06-03 18:22:08,579 INFO     ___FILE_ONLY___ │ 
2020-06-03 18:22:08,579 INFO     ___FILE_ONLY___ gcloud app Python Extensions (Extra Libraries)      
2020-06-03 18:22:08,580 INFO     ___FILE_ONLY___  
2020-06-03 18:22:08,580 INFO     ___FILE_ONLY___ │ 
2020-06-03 18:22:08,580 INFO     ___FILE_ONLY___ app-engine-python-extras
2020-06-03 18:22:08,580 INFO     ___FILE_ONLY___  
2020-06-03 18:22:08,580 INFO     ___FILE_ONLY___ │ 
2020-06-03 18:22:08,580 INFO     ___FILE_ONLY___ 27.1 MiB
2020-06-03 18:22:08,580 INFO     ___FILE_ONLY___  
2020-06-03 18:22:08,580 INFO     ___FILE_ONLY___ │
2020-06-03 18:22:08,581 INFO     ___FILE_ONLY___ 

2020-06-03 18:22:08,581 INFO     ___FILE_ONLY___ │ 
2020-06-03 18:22:08,581 INFO     ___FILE_ONLY___ Not Installed
2020-06-03 18:22:08,581 INFO     ___FILE_ONLY___  
2020-06-03 18:22:08,581 INFO     ___FILE_ONLY___ │ 
2020-06-03 18:22:08,581 INFO     ___FILE_ONLY___ kpt                                                 
2020-06-03 18:22:08,581 INFO     ___FILE_ONLY___  
2020-06-03 18:22:08,581 INFO     ___FILE_ONLY___ │ 
2020-06-03 18:22:08,581 INFO     ___FILE_ONLY___ kpt                     
2020-06-03 18:22:08,581 INFO     ___FILE_ONLY___  
2020-06-03 18:22:08,582 INFO     ___FILE_ONLY___ │ 
2020-06-03 18:22:08,582 INFO     ___FILE_ONLY___ 20.1 MiB
2020-06-03 18:22:08,582 INFO     ___FILE_ONLY___  
2020-06-03 18:22:08,582 INFO     ___FILE_ONLY___ │
2020-06-03 18:22:08,582 INFO     ___FILE_ONLY___ 

2020-06-03 18:22:08,582 INFO     ___FILE_ONLY___ │ 
2020-06-03 18:22:08,582 INFO     ___FILE_ONLY___ Not Installed
2020-06-03 18:22:08,582 INFO     ___FILE_ONLY___  
2020-06-03 18:22:08,582 INFO     ___FILE_ONLY___ │ 
2020-06-03 18:22:08,582 INFO     ___FILE_ONLY___ kubectl                                             
2020-06-03 18:22:08,582 INFO     ___FILE_ONLY___  
2020-06-03 18:22:08,583 INFO     ___FILE_ONLY___ │ 
2020-06-03 18:22:08,583 INFO     ___FILE_ONLY___ kubectl                 
2020-06-03 18:22:08,583 INFO     ___FILE_ONLY___  
2020-06-03 18:22:08,583 INFO     ___FILE_ONLY___ │ 
2020-06-03 18:22:08,583 INFO     ___FILE_ONLY___  < 1 MiB
2020-06-03 18:22:08,583 INFO     ___FILE_ONLY___  
2020-06-03 18:22:08,583 INFO     ___FILE_ONLY___ │
2020-06-03 18:22:08,583 INFO     ___FILE_ONLY___ 

2020-06-03 18:22:08,583 INFO     ___FILE_ONLY___ │ 
2020-06-03 18:22:08,583 INFO     ___FILE_ONLY___ Installed    
2020-06-03 18:22:08,583 INFO     ___FILE_ONLY___  
2020-06-03 18:22:08,584 INFO     ___FILE_ONLY___ │ 
2020-06-03 18:22:08,584 INFO     ___FILE_ONLY___ BigQuery Command Line Tool                          
2020-06-03 18:22:08,584 INFO     ___FILE_ONLY___  
2020-06-03 18:22:08,584 INFO     ___FILE_ONLY___ │ 
2020-06-03 18:22:08,584 INFO     ___FILE_ONLY___ bq                      
2020-06-03 18:22:08,584 INFO     ___FILE_ONLY___  
2020-06-03 18:22:08,584 INFO     ___FILE_ONLY___ │ 
2020-06-03 18:22:08,584 INFO     ___FILE_ONLY___  < 1 MiB
2020-06-03 18:22:08,584 INFO     ___FILE_ONLY___  
2020-06-03 18:22:08,585 INFO     ___FILE_ONLY___ │
2020-06-03 18:22:08,585 INFO     ___FILE_ONLY___ 

2020-06-03 18:22:08,585 INFO     ___FILE_ONLY___ │ 
2020-06-03 18:22:08,585 INFO     ___FILE_ONLY___ Installed    
2020-06-03 18:22:08,585 INFO     ___FILE_ONLY___  
2020-06-03 18:22:08,586 INFO     ___FILE_ONLY___ │ 
2020-06-03 18:22:08,586 INFO     ___FILE_ONLY___ Cloud SDK Core Libraries                            
2020-06-03 18:22:08,586 INFO     ___FILE_ONLY___  
2020-06-03 18:22:08,586 INFO     ___FILE_ONLY___ │ 
2020-06-03 18:22:08,586 INFO     ___FILE_ONLY___ core                    
2020-06-03 18:22:08,586 INFO     ___FILE_ONLY___  
2020-06-03 18:22:08,586 INFO     ___FILE_ONLY___ │ 
2020-06-03 18:22:08,586 INFO     ___FILE_ONLY___ 14.7 MiB
2020-06-03 18:22:08,586 INFO     ___FILE_ONLY___  
2020-06-03 18:22:08,586 INFO     ___FILE_ONLY___ │
2020-06-03 18:22:08,586 INFO     ___FILE_ONLY___ 

2020-06-03 18:22:08,587 INFO     ___FILE_ONLY___ │ 
2020-06-03 18:22:08,587 INFO     ___FILE_ONLY___ Installed    
2020-06-03 18:22:08,587 INFO     ___FILE_ONLY___  
2020-06-03 18:22:08,587 INFO     ___FILE_ONLY___ │ 
2020-06-03 18:22:08,587 INFO     ___FILE_ONLY___ Cloud Storage Command Line Tool                     
2020-06-03 18:22:08,587 INFO     ___FILE_ONLY___  
2020-06-03 18:22:08,587 INFO     ___FILE_ONLY___ │ 
2020-06-03 18:22:08,587 INFO     ___FILE_ONLY___ gsutil                  
2020-06-03 18:22:08,587 INFO     ___FILE_ONLY___  
2020-06-03 18:22:08,588 INFO     ___FILE_ONLY___ │ 
2020-06-03 18:22:08,588 INFO     ___FILE_ONLY___  3.5 MiB
2020-06-03 18:22:08,588 INFO     ___FILE_ONLY___  
2020-06-03 18:22:08,588 INFO     ___FILE_ONLY___ │
2020-06-03 18:22:08,588 INFO     ___FILE_ONLY___ 

2020-06-03 18:22:08,588 INFO     ___FILE_ONLY___ └───────────────┴──────────────────────────────────────────────────────┴──────────────────────────┴──────────┘
2020-06-03 18:22:08,588 INFO     ___FILE_ONLY___ 

2020-06-03 18:22:08,588 INFO     ___FILE_ONLY___ To install or remove components at your current SDK version [295.0.0], run:
  $ gcloud components install COMPONENT_ID
  $ gcloud components remove COMPONENT_ID

To update your SDK installation to the latest version [295.0.0], run:
  $ gcloud components update


2020-06-03 18:22:13,191 DEBUG    root            Metrics reporting process started...
